<?xml version="1.0" encoding="UTF-8"?>
<!-- Generated by org.testng.reporters.JUnitReportReporter -->
<testsuite hostname="DESKTOP-6TT70E1" failures="0" tests="7" name="TestCases.RegisterTest" time="118.959" errors="0" timestamp="16 Apr 2023 05:36:16 GMT" skipped="0">
  <testcase classname="TestCases.RegisterTest" name="verifyRegisterWithValidField" time="14.841"/>
  <testcase classname="TestCases.RegisterTest" name="verifyRegisterWithExistingEmail" time="18.015"/>
  <testcase classname="TestCases.RegisterTest" name="verifyRegisterWithoutProvidingAnyInformation" time="20.661"/>
  <testcase classname="TestCases.RegisterTest" name="verifyRegisterWithoutAgreePrivacyPolicy" time="10.709"/>
  <testcase classname="TestCases.RegisterTest" name="verifyInvalidPasswordConfirm" time="9.986"/>
  <testcase classname="TestCases.RegisterTest" name="verifyInvalidPassword" time="34.880"/>
  <testcase classname="TestCases.RegisterTest" name="verifyInvalidTelephone" time="9.867"/>
</testsuite> <!-- TestCases.RegisterTest -->
