<?xml version="1.0" encoding="UTF-8"?>
<!-- Generated by org.testng.reporters.JUnitReportReporter -->
<testsuite hostname="DESKTOP-6TT70E1" failures="0" tests="3" name="TestCases.SearchTest" time="37.811" errors="0" timestamp="16 Apr 2023 05:36:16 GMT" skipped="0">
  <testcase classname="TestCases.SearchTest" name="verifySearchwithValidProduct" time="8.563"/>
  <testcase classname="TestCases.SearchTest" name="verifySearchwithInvalidproduct" time="17.309"/>
  <testcase classname="TestCases.SearchTest" name="verifySearchWithoutEnteringAnyProduct" time="11.939"/>
</testsuite> <!-- TestCases.SearchTest -->
