<?xml version="1.0" encoding="UTF-8"?>
<!-- Generated by org.testng.reporters.JUnitReportReporter -->
<testsuite hostname="DESKTOP-6TT70E1" failures="0" tests="3" name="BootCamp.SearchTest" time="36.157" errors="0" timestamp="11 Apr 2023 20:17:03 GMT" skipped="0">
  <testcase classname="BootCamp.SearchTest" name="verifySearchwithValidProduct" time="9.447"/>
  <testcase classname="BootCamp.SearchTest" name="verifySearchwithInvalidproduct" time="7.604"/>
  <testcase classname="BootCamp.SearchTest" name="verifySearchWithoutEnteringAnyProduct" time="19.106"/>
</testsuite> <!-- BootCamp.SearchTest -->
