<?xml version="1.0" encoding="UTF-8"?>
<!-- Generated by org.testng.reporters.JUnitReportReporter -->
<testsuite hostname="DESKTOP-6TT70E1" failures="0" tests="7" name="BootCamp.RegisterTest" time="39.634" errors="0" timestamp="11 Apr 2023 19:08:23 GMT" skipped="0">
  <testcase classname="BootCamp.RegisterTest" name="verifyRegisterWithValidField" time="5.339"/>
  <testcase classname="BootCamp.RegisterTest" name="verifyInvalidTelephone" time="5.886"/>
  <testcase classname="BootCamp.RegisterTest" name="verifyRegisterWithoutProvidingAnyInformation" time="5.039"/>
  <testcase classname="BootCamp.RegisterTest" name="verifyInvalidPasswordConfirm" time="5.947"/>
  <testcase classname="BootCamp.RegisterTest" name="verifyRegisterWithExistingEmail" time="5.288"/>
  <testcase classname="BootCamp.RegisterTest" name="verifyRegisterWithoutAgreePrivacyPolicy" time="5.338"/>
  <testcase classname="BootCamp.RegisterTest" name="verifyInvalidPassword" time="6.797"/>
</testsuite> <!-- BootCamp.RegisterTest -->
