<?xml version="1.0" encoding="UTF-8"?>
<!-- Generated by org.testng.reporters.JUnitReportReporter -->
<testsuite hostname="DESKTOP-6TT70E1" failures="0" tests="8" name="TestCases.LoginTest" time="104.150" errors="0" timestamp="16 Apr 2023 05:36:16 GMT" skipped="0">
  <testcase classname="TestCases.LoginTest" name="verifyLoginWithValidCredentials" time="11.251"/>
  <testcase classname="TestCases.LoginTest" name="verifyLoginWithValidCredentials" time="11.056"/>
  <testcase classname="TestCases.LoginTest" name="verifyLoginWithValidCredentials" time="14.075"/>
  <testcase classname="TestCases.LoginTest" name="verifyLoginWithInvalidCredentials" time="17.466"/>
  <testcase classname="TestCases.LoginTest" name="verifyLoginWithValidEmailidInvalidPassword" time="12.783"/>
  <testcase classname="TestCases.LoginTest" name="verifyLoginWithInvalidEmailidValidPassword" time="16.619"/>
  <testcase classname="TestCases.LoginTest" name="verifyLoginWithoutProvidingCredentials" time="8.889"/>
  <testcase classname="TestCases.LoginTest" name="verifyForgottenPasswordLink" time="12.011"/>
</testsuite> <!-- TestCases.LoginTest -->
